<?xml version="1.0" encoding="UTF-8"?>
<!-- Generated by org.testng.reporters.JUnitReportReporter -->
<testsuite hostname="DESKTOP-6CV4G98" failures="0" tests="1" name="test.LoginTest" time="1.589" errors="0" timestamp="2022-04-05T08:28:31 IST" skipped="0">
  <testcase classname="test.LoginTest" name="login" time="1.589"/>
  <system-out/>
</testsuite> <!-- test.LoginTest -->
