<?xml version="1.0" encoding="UTF-8"?>
<!-- Generated by org.testng.reporters.JUnitReportReporter -->
<testsuite hostname="DESKTOP-F3DJ117" failures="0" tests="1" name="test.LoginTest1" time="4.712" errors="0" timestamp="2022-04-04T18:36:26 IST" skipped="0">
  <testcase classname="test.LoginTest1" name="login" time="4.712"/>
  <system-out/>
</testsuite> <!-- test.LoginTest1 -->
