<?xml version="1.0" encoding="UTF-8"?>
<!-- Generated by org.testng.reporters.JUnitReportReporter -->
<testsuite hostname="DESKTOP-F3DJ117" failures="0" tests="1" name="test.HomePageTest1" time="2.666" errors="0" timestamp="2022-04-04T18:36:26 IST" skipped="0">
  <testcase classname="test.HomePageTest1" name="logout" time="2.666"/>
  <system-out/>
</testsuite> <!-- test.HomePageTest1 -->
