<?xml version="1.0" encoding="UTF-8"?>
<!-- Generated by org.testng.reporters.JUnitReportReporter -->
<testsuite hostname="DESKTOP-F3DJ117" failures="0" tests="1" name="test.HomePageTest" time="2.832" errors="0" timestamp="2022-04-06T11:42:28 IST" skipped="0">
  <testcase classname="test.HomePageTest" name="logout" time="2.832"/>
  <system-out/>
</testsuite> <!-- test.HomePageTest -->
