<?xml version="1.0" encoding="UTF-8"?>
<!-- Generated by org.testng.reporters.JUnitReportReporter -->
<testsuite hostname="DESKTOP-F3DJ117" failures="0" tests="1" name="test.LoginTest" time="8.404" errors="0" timestamp="2022-04-06T11:42:28 IST" skipped="0">
  <testcase classname="test.LoginTest" name="login" time="8.404"/>
  <system-out/>
</testsuite> <!-- test.LoginTest -->
